# JRE version: Java(TM) SE Runtime Environment (8.0_65-b17) (build 1.8.0_65-b17)
# Java VM: Java HotSpot(TM) 64-Bit Server VM (25.65-b01 mixed mode bsd-amd64 compressed oops)
Heap:
 PSYoungGen      total 57856K, used 53874K [0x00000007aab00000, 0x00000007aee00000, 0x00000007c0000000)
  eden space 49152K, 95% used [0x00000007aab00000,0x00000007ad8d35e0,0x00000007adb00000)
  from space 8704K, 79% used [0x00000007ae580000,0x00000007aec492f8,0x00000007aee00000)
  to   space 9728K, 0% used [0x00000007adb00000,0x00000007adb00000,0x00000007ae480000)
 ParOldGen       total 37888K, used 16006K [0x0000000780000000, 0x0000000782500000, 0x00000007aab00000)
  object space 37888K, 42% used [0x0000000780000000,0x0000000780fa1ac0,0x0000000782500000)
 Metaspace       used 25332K, capacity 25567K, committed 25728K, reserved 1073152K
  class space    used 2587K, capacity 2676K, committed 2688K, reserved 1048576K
GC Heap History (10 events):
Event: 3.340 GC heap before
{Heap before GC invocations=3 (full 0):
 PSYoungGen      total 18944K, used 18912K [0x00000007aab00000, 0x00000007ad000000, 0x00000007c0000000)
  eden space 16384K, 100% used [0x00000007aab00000,0x00000007abb00000,0x00000007abb00000)
  from space 2560K, 98% used [0x00000007abd80000,0x00000007abff8020,0x00000007ac000000)
  to   space 2560K, 0% used [0x00000007abb00000,0x00000007abb00000,0x00000007abd80000)
 ParOldGen       total 44032K, used 2308K [0x0000000780000000, 0x0000000782b00000, 0x00000007aab00000)
  object space 44032K, 5% used [0x0000000780000000,0x0000000780241368,0x0000000782b00000)
 Metaspace       used 18934K, capacity 19191K, committed 19584K, reserved 1067008K
  class space    used 1960K, capacity 2055K, committed 2176K, reserved 1048576K
Event: 3.351 GC heap after
Heap after GC invocations=3 (full 0):
 PSYoungGen      total 18944K, used 2528K [0x00000007aab00000, 0x00000007ad000000, 0x00000007c0000000)
  eden space 16384K, 0% used [0x00000007aab00000,0x00000007aab00000,0x00000007abb00000)
  from space 2560K, 98% used [0x00000007abb00000,0x00000007abd78050,0x00000007abd80000)
  to   space 2560K, 0% used [0x00000007acd80000,0x00000007acd80000,0x00000007ad000000)
 ParOldGen       total 44032K, used 6875K [0x0000000780000000, 0x0000000782b00000, 0x00000007aab00000)
  object space 44032K, 15% used [0x0000000780000000,0x00000007806b6d40,0x0000000782b00000)
 Metaspace       used 18934K, capacity 19191K, committed 19584K, reserved 1067008K
  class space    used 1960K, capacity 2055K, committed 2176K, reserved 1048576K
}
Event: 3.788 GC heap before
{Heap before GC invocations=4 (full 0):
 PSYoungGen      total 18944K, used 15255K [0x00000007aab00000, 0x00000007ad000000, 0x00000007c0000000)
  eden space 16384K, 77% used [0x00000007aab00000,0x00000007ab76dc38,0x00000007abb00000)
  from space 2560K, 98% used [0x00000007abb00000,0x00000007abd78050,0x00000007abd80000)
  to   space 2560K, 0% used [0x00000007acd80000,0x00000007acd80000,0x00000007ad000000)
 ParOldGen       total 44032K, used 6875K [0x0000000780000000, 0x0000000782b00000, 0x00000007aab00000)
  object space 44032K, 15% used [0x0000000780000000,0x00000007806b6d40,0x0000000782b00000)
 Metaspace       used 20880K, capacity 21105K, committed 21248K, reserved 1069056K
  class space    used 2217K, capacity 2285K, committed 2304K, reserved 1048576K
Event: 3.797 GC heap after
Heap after GC invocations=4 (full 0):
 PSYoungGen      total 35328K, used 2544K [0x00000007aab00000, 0x00000007ad000000, 0x00000007c0000000)
  eden space 32768K, 0% used [0x00000007aab00000,0x00000007aab00000,0x00000007acb00000)
  from space 2560K, 99% used [0x00000007acd80000,0x00000007acffc090,0x00000007ad000000)
  to   space 2560K, 0% used [0x00000007acb00000,0x00000007acb00000,0x00000007acd80000)
 ParOldGen       total 44032K, used 9160K [0x0000000780000000, 0x0000000782b00000, 0x00000007aab00000)
  object space 44032K, 20% used [0x0000000780000000,0x00000007808f22b0,0x0000000782b00000)
 Metaspace       used 20880K, capacity 21105K, committed 21248K, reserved 1069056K
  class space    used 2217K, capacity 2285K, committed 2304K, reserved 1048576K
}
Event: 3.797 GC heap before
{Heap before GC invocations=5 (full 1):
 PSYoungGen      total 35328K, used 2544K [0x00000007aab00000, 0x00000007ad000000, 0x00000007c0000000)
  eden space 32768K, 0% used [0x00000007aab00000,0x00000007aab00000,0x00000007acb00000)
  from space 2560K, 99% used [0x00000007acd80000,0x00000007acffc090,0x00000007ad000000)
  to   space 2560K, 0% used [0x00000007acb00000,0x00000007acb00000,0x00000007acd80000)
 ParOldGen       total 44032K, used 9160K [0x0000000780000000, 0x0000000782b00000, 0x00000007aab00000)
  object space 44032K, 20% used [0x0000000780000000,0x00000007808f22b0,0x0000000782b00000)
 Metaspace       used 20880K, capacity 21105K, committed 21248K, reserved 1069056K
  class space    used 2217K, capacity 2285K, committed 2304K, reserved 1048576K
Event: 3.842 GC heap after
Heap after GC invocations=5 (full 1):
 PSYoungGen      total 35328K, used 0K [0x00000007aab00000, 0x00000007ad000000, 0x00000007c0000000)
  eden space 32768K, 0% used [0x00000007aab00000,0x00000007aab00000,0x00000007acb00000)
  from space 2560K, 0% used [0x00000007acd80000,0x00000007acd80000,0x00000007ad000000)
  to   space 2560K, 0% used [0x00000007acb00000,0x00000007acb00000,0x00000007acd80000)
 ParOldGen       total 37888K, used 9277K [0x0000000780000000, 0x0000000782500000, 0x00000007aab00000)
  object space 37888K, 24% used [0x0000000780000000,0x000000078090f7c8,0x0000000782500000)
 Metaspace       used 20880K, capacity 21105K, committed 21248K, reserved 1069056K
  class space    used 2217K, capacity 2285K, committed 2304K, reserved 1048576K
}
Event: 5.100 GC heap before
{Heap before GC invocations=6 (full 1):
 PSYoungGen      total 35328K, used 32768K [0x00000007aab00000, 0x00000007ad000000, 0x00000007c0000000)
  eden space 32768K, 100% used [0x00000007aab00000,0x00000007acb00000,0x00000007acb00000)
  from space 2560K, 0% used [0x00000007acd80000,0x00000007acd80000,0x00000007ad000000)
  to   space 2560K, 0% used [0x00000007acb00000,0x00000007acb00000,0x00000007acd80000)
 ParOldGen       total 37888K, used 9277K [0x0000000780000000, 0x0000000782500000, 0x00000007aab00000)
  object space 37888K, 24% used [0x0000000780000000,0x000000078090f7c8,0x0000000782500000)
 Metaspace       used 24061K, capacity 24303K, committed 24704K, reserved 1071104K
  class space    used 2528K, capacity 2642K, committed 2688K, reserved 1048576K
Event: 5.113 GC heap after
Heap after GC invocations=6 (full 1):
 PSYoungGen      total 35328K, used 2547K [0x00000007aab00000, 0x00000007aef00000, 0x00000007c0000000)
  eden space 32768K, 0% used [0x00000007aab00000,0x00000007aab00000,0x00000007acb00000)
  from space 2560K, 99% used [0x00000007acb00000,0x00000007acd7cf38,0x00000007acd80000)
  to   space 9728K, 0% used [0x00000007ae580000,0x00000007ae580000,0x00000007aef00000)
 ParOldGen       total 37888K, used 16006K [0x0000000780000000, 0x0000000782500000, 0x00000007aab00000)
  object space 37888K, 42% used [0x0000000780000000,0x0000000780fa1ac0,0x0000000782500000)
 Metaspace       used 24061K, capacity 24303K, committed 24704K, reserved 1071104K
  class space    used 2528K, capacity 2642K, committed 2688K, reserved 1048576K
}
Event: 6.632 GC heap before
{Heap before GC invocations=7 (full 1):
 PSYoungGen      total 35328K, used 35315K [0x00000007aab00000, 0x00000007aef00000, 0x00000007c0000000)
  eden space 32768K, 100% used [0x00000007aab00000,0x00000007acb00000,0x00000007acb00000)
  from space 2560K, 99% used [0x00000007acb00000,0x00000007acd7cf38,0x00000007acd80000)
  to   space 9728K, 0% used [0x00000007ae580000,0x00000007ae580000,0x00000007aef00000)
 ParOldGen       total 37888K, used 16006K [0x0000000780000000, 0x0000000782500000, 0x00000007aab00000)
  object space 37888K, 42% used [0x0000000780000000,0x0000000780fa1ac0,0x0000000782500000)
 Metaspace       used 24806K, capacity 25113K, committed 25472K, reserved 1073152K
  class space    used 2558K, capacity 2675K, committed 2688K, reserved 1048576K
Event: 6.642 GC heap after
Heap after GC invocations=7 (full 1):
 PSYoungGen      total 57856K, used 6948K [0x00000007aab00000, 0x00000007aee00000, 0x00000007c0000000)
  eden space 49152K, 0% used [0x00000007aab00000,0x00000007aab00000,0x00000007adb00000)
  from space 8704K, 79% used [0x00000007ae580000,0x00000007aec492f8,0x00000007aee00000)
  to   space 9728K, 0% used [0x00000007adb00000,0x00000007adb00000,0x00000007ae480000)
 ParOldGen       total 37888K, used 16006K [0x0000000780000000, 0x0000000782500000, 0x00000007aab00000)
  object space 37888K, 42% used [0x0000000780000000,0x0000000780fa1ac0,0x0000000782500000)
 Metaspace       used 24806K, capacity 25113K, committed 25472K, reserved 1073152K
  class space    used 2558K, capacity 2675K, committed 2688K, reserved 1048576K
}

