# JRE version: Java(TM) SE Runtime Environment (8.0_65-b17) (build 1.8.0_65-b17)
# Java VM: Java HotSpot(TM) 64-Bit Server VM (25.65-b01 mixed mode bsd-amd64 compressed oops)
Heap:
 PSYoungGen      total 47616K, used 7894K [0x00000007aab00000, 0x00000007aed80000, 0x00000007c0000000)
  eden space 37888K, 3% used [0x00000007aab00000,0x00000007aac56670,0x00000007ad000000)
  from space 9728K, 67% used [0x00000007ad000000,0x00000007ad65f520,0x00000007ad980000)
  to   space 9728K, 0% used [0x00000007ae400000,0x00000007ae400000,0x00000007aed80000)
 ParOldGen       total 36864K, used 15380K [0x0000000780000000, 0x0000000782400000, 0x00000007aab00000)
  object space 36864K, 41% used [0x0000000780000000,0x0000000780f05248,0x0000000782400000)
 Metaspace       used 25459K, capacity 25727K, committed 26112K, reserved 1073152K
  class space    used 2595K, capacity 2708K, committed 2816K, reserved 1048576K
GC Heap History (10 events):
Event: 5.217 GC heap before
{Heap before GC invocations=6 (full 1):
 PSYoungGen      total 18944K, used 16384K [0x00000007aab00000, 0x00000007ac000000, 0x00000007c0000000)
  eden space 16384K, 100% used [0x00000007aab00000,0x00000007abb00000,0x00000007abb00000)
  from space 2560K, 0% used [0x00000007abd80000,0x00000007abd80000,0x00000007ac000000)
  to   space 2560K, 0% used [0x00000007abb00000,0x00000007abb00000,0x00000007abd80000)
 ParOldGen       total 36864K, used 8103K [0x0000000780000000, 0x0000000782400000, 0x00000007aab00000)
  object space 36864K, 21% used [0x0000000780000000,0x00000007807e9ea8,0x0000000782400000)
 Metaspace       used 22083K, capacity 22339K, committed 22656K, reserved 1069056K
  class space    used 2339K, capacity 2416K, committed 2432K, reserved 1048576K
Event: 5.222 GC heap after
Heap after GC invocations=6 (full 1):
 PSYoungGen      total 18944K, used 2544K [0x00000007aab00000, 0x00000007ad180000, 0x00000007c0000000)
  eden space 16384K, 0% used [0x00000007aab00000,0x00000007aab00000,0x00000007abb00000)
  from space 2560K, 99% used [0x00000007abb00000,0x00000007abd7c320,0x00000007abd80000)
  to   space 7168K, 0% used [0x00000007aca80000,0x00000007aca80000,0x00000007ad180000)
 ParOldGen       total 36864K, used 9027K [0x0000000780000000, 0x0000000782400000, 0x00000007aab00000)
  object space 36864K, 24% used [0x0000000780000000,0x00000007808d0ed0,0x0000000782400000)
 Metaspace       used 22083K, capacity 22339K, committed 22656K, reserved 1069056K
  class space    used 2339K, capacity 2416K, committed 2432K, reserved 1048576K
}
Event: 5.824 GC heap before
{Heap before GC invocations=7 (full 1):
 PSYoungGen      total 18944K, used 18802K [0x00000007aab00000, 0x00000007ad180000, 0x00000007c0000000)
  eden space 16384K, 99% used [0x00000007aab00000,0x00000007abae0840,0x00000007abb00000)
  from space 2560K, 99% used [0x00000007abb00000,0x00000007abd7c320,0x00000007abd80000)
  to   space 7168K, 0% used [0x00000007aca80000,0x00000007aca80000,0x00000007ad180000)
 ParOldGen       total 36864K, used 9027K [0x0000000780000000, 0x0000000782400000, 0x00000007aab00000)
  object space 36864K, 24% used [0x0000000780000000,0x00000007808d0ed0,0x0000000782400000)
 Metaspace       used 24132K, capacity 24431K, committed 24704K, reserved 1071104K
  class space    used 2535K, capacity 2642K, committed 2688K, reserved 1048576K
Event: 5.832 GC heap after
Heap after GC invocations=7 (full 1):
 PSYoungGen      total 32256K, used 5865K [0x00000007aab00000, 0x00000007ad200000, 0x00000007c0000000)
  eden space 25088K, 0% used [0x00000007aab00000,0x00000007aab00000,0x00000007ac380000)
  from space 7168K, 81% used [0x00000007aca80000,0x00000007ad03a578,0x00000007ad180000)
  to   space 7168K, 0% used [0x00000007ac380000,0x00000007ac380000,0x00000007aca80000)
 ParOldGen       total 36864K, used 11560K [0x0000000780000000, 0x0000000782400000, 0x00000007aab00000)
  object space 36864K, 31% used [0x0000000780000000,0x0000000780b4a2b0,0x0000000782400000)
 Metaspace       used 24132K, capacity 24431K, committed 24704K, reserved 1071104K
  class space    used 2535K, capacity 2642K, committed 2688K, reserved 1048576K
}
Event: 6.551 GC heap before
{Heap before GC invocations=8 (full 1):
 PSYoungGen      total 32256K, used 30953K [0x00000007aab00000, 0x00000007ad200000, 0x00000007c0000000)
  eden space 25088K, 100% used [0x00000007aab00000,0x00000007ac380000,0x00000007ac380000)
  from space 7168K, 81% used [0x00000007aca80000,0x00000007ad03a578,0x00000007ad180000)
  to   space 7168K, 0% used [0x00000007ac380000,0x00000007ac380000,0x00000007aca80000)
 ParOldGen       total 36864K, used 11560K [0x0000000780000000, 0x0000000782400000, 0x00000007aab00000)
  object space 36864K, 31% used [0x0000000780000000,0x0000000780b4a2b0,0x0000000782400000)
 Metaspace       used 24793K, capacity 25049K, committed 25216K, reserved 1071104K
  class space    used 2565K, capacity 2675K, committed 2688K, reserved 1048576K
Event: 6.561 GC heap after
Heap after GC invocations=8 (full 1):
 PSYoungGen      total 32256K, used 7137K [0x00000007aab00000, 0x00000007ae480000, 0x00000007c0000000)
  eden space 25088K, 0% used [0x00000007aab00000,0x00000007aab00000,0x00000007ac380000)
  from space 7168K, 99% used [0x00000007ac380000,0x00000007aca78418,0x00000007aca80000)
  to   space 9728K, 0% used [0x00000007adb00000,0x00000007adb00000,0x00000007ae480000)
 ParOldGen       total 36864K, used 14344K [0x0000000780000000, 0x0000000782400000, 0x00000007aab00000)
  object space 36864K, 38% used [0x0000000780000000,0x0000000780e02140,0x0000000782400000)
 Metaspace       used 24793K, capacity 25049K, committed 25216K, reserved 1071104K
  class space    used 2565K, capacity 2675K, committed 2688K, reserved 1048576K
}
Event: 8.963 GC heap before
{Heap before GC invocations=9 (full 1):
 PSYoungGen      total 32256K, used 32225K [0x00000007aab00000, 0x00000007ae480000, 0x00000007c0000000)
  eden space 25088K, 100% used [0x00000007aab00000,0x00000007ac380000,0x00000007ac380000)
  from space 7168K, 99% used [0x00000007ac380000,0x00000007aca78418,0x00000007aca80000)
  to   space 9728K, 0% used [0x00000007adb00000,0x00000007adb00000,0x00000007ae480000)
 ParOldGen       total 36864K, used 14344K [0x0000000780000000, 0x0000000782400000, 0x00000007aab00000)
  object space 36864K, 38% used [0x0000000780000000,0x0000000780e02140,0x0000000782400000)
 Metaspace       used 25071K, capacity 25311K, committed 25472K, reserved 1073152K
  class space    used 2566K, capacity 2676K, committed 2688K, reserved 1048576K
Event: 8.971 GC heap after
Heap after GC invocations=9 (full 1):
 PSYoungGen      total 46080K, used 7184K [0x00000007aab00000, 0x00000007ae300000, 0x00000007c0000000)
  eden space 37888K, 0% used [0x00000007aab00000,0x00000007aab00000,0x00000007ad000000)
  from space 8192K, 87% used [0x00000007adb00000,0x00000007ae2043f8,0x00000007ae300000)
  to   space 9728K, 0% used [0x00000007ad000000,0x00000007ad000000,0x00000007ad980000)
 ParOldGen       total 36864K, used 14416K [0x0000000780000000, 0x0000000782400000, 0x00000007aab00000)
  object space 36864K, 39% used [0x0000000780000000,0x0000000780e14150,0x0000000782400000)
 Metaspace       used 25071K, capacity 25311K, committed 25472K, reserved 1073152K
  class space    used 2566K, capacity 2676K, committed 2688K, reserved 1048576K
}
Event: 12.379 GC heap before
{Heap before GC invocations=10 (full 1):
 PSYoungGen      total 46080K, used 45072K [0x00000007aab00000, 0x00000007ae300000, 0x00000007c0000000)
  eden space 37888K, 100% used [0x00000007aab00000,0x00000007ad000000,0x00000007ad000000)
  from space 8192K, 87% used [0x00000007adb00000,0x00000007ae2043f8,0x00000007ae300000)
  to   space 9728K, 0% used [0x00000007ad000000,0x00000007ad000000,0x00000007ad980000)
 ParOldGen       total 36864K, used 14416K [0x0000000780000000, 0x0000000782400000, 0x00000007aab00000)
  object space 36864K, 39% used [0x0000000780000000,0x0000000780e14150,0x0000000782400000)
 Metaspace       used 25437K, capacity 25695K, committed 25984K, reserved 1073152K
  class space    used 2590K, capacity 2676K, committed 2688K, reserved 1048576K
Event: 12.391 GC heap after
Heap after GC invocations=10 (full 1):
 PSYoungGen      total 47616K, used 6525K [0x00000007aab00000, 0x00000007aed80000, 0x00000007c0000000)
  eden space 37888K, 0% used [0x00000007aab00000,0x00000007aab00000,0x00000007ad000000)
  from space 9728K, 67% used [0x00000007ad000000,0x00000007ad65f520,0x00000007ad980000)
  to   space 9728K, 0% used [0x00000007ae400000,0x00000007ae400000,0x00000007aed80000)
 ParOldGen       total 36864K, used 15380K [0x0000000780000000, 0x0000000782400000, 0x00000007aab00000)
  object space 36864K, 41% used [0x0000000780000000,0x0000000780f05248,0x0000000782400000)
 Metaspace       used 25437K, capacity 25695K, committed 25984K, reserved 1073152K
  class space    used 2590K, capacity 2676K, committed 2688K, reserved 1048576K
}

