# JRE version: Java(TM) SE Runtime Environment (8.0_65-b17) (build 1.8.0_65-b17)
# Java VM: Java HotSpot(TM) 64-Bit Server VM (25.65-b01 mixed mode bsd-amd64 compressed oops)
Heap:
 PSYoungGen      total 128000K, used 30848K [0x00000007aab00000, 0x00000007b4d80000, 0x00000007c0000000)
  eden space 99328K, 3% used [0x00000007aab00000,0x00000007aaeafb68,0x00000007b0c00000)
  from space 28672K, 94% used [0x00000007b2b80000,0x00000007b45f0690,0x00000007b4780000)
  to   space 32256K, 0% used [0x00000007b0c00000,0x00000007b0c00000,0x00000007b2b80000)
 ParOldGen       total 145408K, used 82360K [0x0000000780000000, 0x0000000788e00000, 0x00000007aab00000)
  object space 145408K, 56% used [0x0000000780000000,0x000000078506e080,0x0000000788e00000)
 Metaspace       used 26069K, capacity 26303K, committed 26624K, reserved 1073152K
  class space    used 2598K, capacity 2708K, committed 2816K, reserved 1048576K
GC Heap History (10 events):
Event: 15.069 GC heap before
{Heap before GC invocations=17 (full 2):
 PSYoungGen      total 95232K, used 89837K [0x00000007aab00000, 0x00000007b2680000, 0x00000007c0000000)
  eden space 69632K, 99% used [0x00000007aab00000,0x00000007aeef0bf0,0x00000007aef00000)
  from space 25600K, 79% used [0x00000007b0a00000,0x00000007b1dca9d0,0x00000007b2300000)
  to   space 27648K, 0% used [0x00000007aef00000,0x00000007aef00000,0x00000007b0a00000)
 ParOldGen       total 83968K, used 50998K [0x0000000780000000, 0x0000000785200000, 0x00000007aab00000)
  object space 83968K, 60% used [0x0000000780000000,0x00000007831cda28,0x0000000785200000)
 Metaspace       used 25906K, capacity 26143K, committed 26496K, reserved 1073152K
  class space    used 2591K, capacity 2676K, committed 2688K, reserved 1048576K
Event: 15.098 GC heap after
Heap after GC invocations=17 (full 2):
 PSYoungGen      total 97280K, used 13621K [0x00000007aab00000, 0x00000007b3a00000, 0x00000007c0000000)
  eden space 69632K, 0% used [0x00000007aab00000,0x00000007aab00000,0x00000007aef00000)
  from space 27648K, 49% used [0x00000007aef00000,0x00000007afc4d4a8,0x00000007b0a00000)
  to   space 26624K, 0% used [0x00000007b2000000,0x00000007b2000000,0x00000007b3a00000)
 ParOldGen       total 83968K, used 70023K [0x0000000780000000, 0x0000000785200000, 0x00000007aab00000)
  object space 83968K, 83% used [0x0000000780000000,0x0000000784461ec8,0x0000000785200000)
 Metaspace       used 25906K, capacity 26143K, committed 26496K, reserved 1073152K
  class space    used 2591K, capacity 2676K, committed 2688K, reserved 1048576K
}
Event: 15.098 GC heap before
{Heap before GC invocations=18 (full 3):
 PSYoungGen      total 97280K, used 13621K [0x00000007aab00000, 0x00000007b3a00000, 0x00000007c0000000)
  eden space 69632K, 0% used [0x00000007aab00000,0x00000007aab00000,0x00000007aef00000)
  from space 27648K, 49% used [0x00000007aef00000,0x00000007afc4d4a8,0x00000007b0a00000)
  to   space 26624K, 0% used [0x00000007b2000000,0x00000007b2000000,0x00000007b3a00000)
 ParOldGen       total 83968K, used 70023K [0x0000000780000000, 0x0000000785200000, 0x00000007aab00000)
  object space 83968K, 83% used [0x0000000780000000,0x0000000784461ec8,0x0000000785200000)
 Metaspace       used 25906K, capacity 26143K, committed 26496K, reserved 1073152K
  class space    used 2591K, capacity 2676K, committed 2688K, reserved 1048576K
Event: 15.199 GC heap after
Heap after GC invocations=18 (full 3):
 PSYoungGen      total 97280K, used 0K [0x00000007aab00000, 0x00000007b3a00000, 0x00000007c0000000)
  eden space 69632K, 0% used [0x00000007aab00000,0x00000007aab00000,0x00000007aef00000)
  from space 27648K, 0% used [0x00000007aef00000,0x00000007aef00000,0x00000007b0a00000)
  to   space 26624K, 0% used [0x00000007b2000000,0x00000007b2000000,0x00000007b3a00000)
 ParOldGen       total 145408K, used 82336K [0x0000000780000000, 0x0000000788e00000, 0x00000007aab00000)
  object space 145408K, 56% used [0x0000000780000000,0x0000000785068080,0x0000000788e00000)
 Metaspace       used 25906K, capacity 26143K, committed 26496K, reserved 1073152K
  class space    used 2591K, capacity 2676K, committed 2688K, reserved 1048576K
}
Event: 16.722 GC heap before
{Heap before GC invocations=19 (full 3):
 PSYoungGen      total 97280K, used 69632K [0x00000007aab00000, 0x00000007b3a00000, 0x00000007c0000000)
  eden space 69632K, 100% used [0x00000007aab00000,0x00000007aef00000,0x00000007aef00000)
  from space 27648K, 0% used [0x00000007aef00000,0x00000007aef00000,0x00000007b0a00000)
  to   space 26624K, 0% used [0x00000007b2000000,0x00000007b2000000,0x00000007b3a00000)
 ParOldGen       total 145408K, used 82336K [0x0000000780000000, 0x0000000788e00000, 0x00000007aab00000)
  object space 145408K, 56% used [0x0000000780000000,0x0000000785068080,0x0000000788e00000)
 Metaspace       used 25971K, capacity 26207K, committed 26496K, reserved 1073152K
  class space    used 2591K, capacity 2676K, committed 2688K, reserved 1048576K
Event: 16.731 GC heap after
Heap after GC invocations=19 (full 3):
 PSYoungGen      total 108544K, used 13152K [0x00000007aab00000, 0x00000007b3380000, 0x00000007c0000000)
  eden space 88576K, 0% used [0x00000007aab00000,0x00000007aab00000,0x00000007b0180000)
  from space 19968K, 65% used [0x00000007b2000000,0x00000007b2cd8340,0x00000007b3380000)
  to   space 25600K, 0% used [0x00000007b0180000,0x00000007b0180000,0x00000007b1a80000)
 ParOldGen       total 145408K, used 82344K [0x0000000780000000, 0x0000000788e00000, 0x00000007aab00000)
  object space 145408K, 56% used [0x0000000780000000,0x000000078506a080,0x0000000788e00000)
 Metaspace       used 25971K, capacity 26207K, committed 26496K, reserved 1073152K
  class space    used 2591K, capacity 2676K, committed 2688K, reserved 1048576K
}
Event: 19.996 GC heap before
{Heap before GC invocations=20 (full 3):
 PSYoungGen      total 108544K, used 101728K [0x00000007aab00000, 0x00000007b3380000, 0x00000007c0000000)
  eden space 88576K, 100% used [0x00000007aab00000,0x00000007b0180000,0x00000007b0180000)
  from space 19968K, 65% used [0x00000007b2000000,0x00000007b2cd8340,0x00000007b3380000)
  to   space 25600K, 0% used [0x00000007b0180000,0x00000007b0180000,0x00000007b1a80000)
 ParOldGen       total 145408K, used 82344K [0x0000000780000000, 0x0000000788e00000, 0x00000007aab00000)
  object space 145408K, 56% used [0x0000000780000000,0x000000078506a080,0x0000000788e00000)
 Metaspace       used 26025K, capacity 26271K, committed 26496K, reserved 1073152K
  class space    used 2591K, capacity 2676K, committed 2688K, reserved 1048576K
Event: 20.007 GC heap after
Heap after GC invocations=20 (full 3):
 PSYoungGen      total 114176K, used 24257K [0x00000007aab00000, 0x00000007b4780000, 0x00000007c0000000)
  eden space 88576K, 0% used [0x00000007aab00000,0x00000007aab00000,0x00000007b0180000)
  from space 25600K, 94% used [0x00000007b0180000,0x00000007b19305e0,0x00000007b1a80000)
  to   space 28672K, 0% used [0x00000007b2b80000,0x00000007b2b80000,0x00000007b4780000)
 ParOldGen       total 145408K, used 82352K [0x0000000780000000, 0x0000000788e00000, 0x00000007aab00000)
  object space 145408K, 56% used [0x0000000780000000,0x000000078506c080,0x0000000788e00000)
 Metaspace       used 26025K, capacity 26271K, committed 26496K, reserved 1073152K
  class space    used 2591K, capacity 2676K, committed 2688K, reserved 1048576K
}
Event: 27.444 GC heap before
{Heap before GC invocations=21 (full 3):
 PSYoungGen      total 114176K, used 112833K [0x00000007aab00000, 0x00000007b4780000, 0x00000007c0000000)
  eden space 88576K, 100% used [0x00000007aab00000,0x00000007b0180000,0x00000007b0180000)
  from space 25600K, 94% used [0x00000007b0180000,0x00000007b19305e0,0x00000007b1a80000)
  to   space 28672K, 0% used [0x00000007b2b80000,0x00000007b2b80000,0x00000007b4780000)
 ParOldGen       total 145408K, used 82352K [0x0000000780000000, 0x0000000788e00000, 0x00000007aab00000)
  object space 145408K, 56% used [0x0000000780000000,0x000000078506c080,0x0000000788e00000)
 Metaspace       used 26041K, capacity 26271K, committed 26496K, reserved 1073152K
  class space    used 2591K, capacity 2676K, committed 2688K, reserved 1048576K
Event: 27.481 GC heap after
Heap after GC invocations=21 (full 3):
 PSYoungGen      total 128000K, used 27073K [0x00000007aab00000, 0x00000007b4d80000, 0x00000007c0000000)
  eden space 99328K, 0% used [0x00000007aab00000,0x00000007aab00000,0x00000007b0c00000)
  from space 28672K, 94% used [0x00000007b2b80000,0x00000007b45f0690,0x00000007b4780000)
  to   space 32256K, 0% used [0x00000007b0c00000,0x00000007b0c00000,0x00000007b2b80000)
 ParOldGen       total 145408K, used 82360K [0x0000000780000000, 0x0000000788e00000, 0x00000007aab00000)
  object space 145408K, 56% used [0x0000000780000000,0x000000078506e080,0x0000000788e00000)
 Metaspace       used 26041K, capacity 26271K, committed 26496K, reserved 1073152K
  class space    used 2591K, capacity 2676K, committed 2688K, reserved 1048576K
}

