# JRE version: Java(TM) SE Runtime Environment (8.0_65-b17) (build 1.8.0_65-b17)
# Java VM: Java HotSpot(TM) 64-Bit Server VM (25.65-b01 mixed mode bsd-amd64 compressed oops)
Heap:
 PSYoungGen      total 62976K, used 15681K [0x00000007aab00000, 0x00000007af880000, 0x00000007c0000000)
  eden space 50688K, 18% used [0x00000007aab00000,0x00000007ab420498,0x00000007adc80000)
  from space 12288K, 51% used [0x00000007aec80000,0x00000007af2b0180,0x00000007af880000)
  to   space 14336K, 0% used [0x00000007adc80000,0x00000007adc80000,0x00000007aea80000)
 ParOldGen       total 36352K, used 25425K [0x0000000780000000, 0x0000000782380000, 0x00000007aab00000)
  object space 36352K, 69% used [0x0000000780000000,0x00000007818d4478,0x0000000782380000)
 Metaspace       used 25457K, capacity 25747K, committed 25984K, reserved 1073152K
  class space    used 2579K, capacity 2676K, committed 2688K, reserved 1048576K
GC Heap History (10 events):
Event: 5.889 GC heap before
{Heap before GC invocations=7 (full 1):
 PSYoungGen      total 18944K, used 16654K [0x00000007aab00000, 0x00000007ad200000, 0x00000007c0000000)
  eden space 16384K, 86% used [0x00000007aab00000,0x00000007ab8cb668,0x00000007abb00000)
  from space 2560K, 98% used [0x00000007abb00000,0x00000007abd783e8,0x00000007abd80000)
  to   space 7168K, 0% used [0x00000007acb00000,0x00000007acb00000,0x00000007ad200000)
 ParOldGen       total 36352K, used 8712K [0x0000000780000000, 0x0000000782380000, 0x00000007aab00000)
  object space 36352K, 23% used [0x0000000780000000,0x00000007808822b0,0x0000000782380000)
 Metaspace       used 23731K, capacity 24003K, committed 24192K, reserved 1071104K
  class space    used 2499K, capacity 2610K, committed 2688K, reserved 1048576K
Event: 5.896 GC heap after
Heap after GC invocations=7 (full 1):
 PSYoungGen      total 32768K, used 2035K [0x00000007aab00000, 0x00000007ad200000, 0x00000007c0000000)
  eden space 25600K, 0% used [0x00000007aab00000,0x00000007aab00000,0x00000007ac400000)
  from space 7168K, 28% used [0x00000007acb00000,0x00000007accfced8,0x00000007ad200000)
  to   space 7168K, 0% used [0x00000007ac400000,0x00000007ac400000,0x00000007acb00000)
 ParOldGen       total 36352K, used 8784K [0x0000000780000000, 0x0000000782380000, 0x00000007aab00000)
  object space 36352K, 24% used [0x0000000780000000,0x00000007808942c0,0x0000000782380000)
 Metaspace       used 23731K, capacity 24003K, committed 24192K, reserved 1071104K
  class space    used 2499K, capacity 2610K, committed 2688K, reserved 1048576K
}
Event: 6.517 GC heap before
{Heap before GC invocations=8 (full 1):
 PSYoungGen      total 32768K, used 27635K [0x00000007aab00000, 0x00000007ad200000, 0x00000007c0000000)
  eden space 25600K, 100% used [0x00000007aab00000,0x00000007ac400000,0x00000007ac400000)
  from space 7168K, 28% used [0x00000007acb00000,0x00000007accfced8,0x00000007ad200000)
  to   space 7168K, 0% used [0x00000007ac400000,0x00000007ac400000,0x00000007acb00000)
 ParOldGen       total 36352K, used 8784K [0x0000000780000000, 0x0000000782380000, 0x00000007aab00000)
  object space 36352K, 24% used [0x0000000780000000,0x00000007808942c0,0x0000000782380000)
 Metaspace       used 24674K, capacity 24967K, committed 25216K, reserved 1071104K
  class space    used 2570K, capacity 2674K, committed 2688K, reserved 1048576K
Event: 6.526 GC heap after
Heap after GC invocations=8 (full 1):
 PSYoungGen      total 32768K, used 7140K [0x00000007aab00000, 0x00000007ae880000, 0x00000007c0000000)
  eden space 25600K, 0% used [0x00000007aab00000,0x00000007aab00000,0x00000007ac400000)
  from space 7168K, 99% used [0x00000007ac400000,0x00000007acaf92d8,0x00000007acb00000)
  to   space 11264K, 0% used [0x00000007add80000,0x00000007add80000,0x00000007ae880000)
 ParOldGen       total 36352K, used 14210K [0x0000000780000000, 0x0000000782380000, 0x00000007aab00000)
  object space 36352K, 39% used [0x0000000780000000,0x0000000780de09f0,0x0000000782380000)
 Metaspace       used 24674K, capacity 24967K, committed 25216K, reserved 1071104K
  class space    used 2570K, capacity 2674K, committed 2688K, reserved 1048576K
}
Event: 6.966 GC heap before
{Heap before GC invocations=9 (full 1):
 PSYoungGen      total 32768K, used 32740K [0x00000007aab00000, 0x00000007ae880000, 0x00000007c0000000)
  eden space 25600K, 100% used [0x00000007aab00000,0x00000007ac400000,0x00000007ac400000)
  from space 7168K, 99% used [0x00000007ac400000,0x00000007acaf92d8,0x00000007acb00000)
  to   space 11264K, 0% used [0x00000007add80000,0x00000007add80000,0x00000007ae880000)
 ParOldGen       total 36352K, used 14210K [0x0000000780000000, 0x0000000782380000, 0x00000007aab00000)
  object space 36352K, 39% used [0x0000000780000000,0x0000000780de09f0,0x0000000782380000)
 Metaspace       used 24798K, capacity 25101K, committed 25216K, reserved 1071104K
  class space    used 2570K, capacity 2675K, committed 2688K, reserved 1048576K
Event: 6.976 GC heap after
Heap after GC invocations=9 (full 1):
 PSYoungGen      total 49664K, used 11236K [0x00000007aab00000, 0x00000007aed80000, 0x00000007c0000000)
  eden space 38400K, 0% used [0x00000007aab00000,0x00000007aab00000,0x00000007ad080000)
  from space 11264K, 99% used [0x00000007add80000,0x00000007ae8793f8,0x00000007ae880000)
  to   space 13312K, 0% used [0x00000007ad080000,0x00000007ad080000,0x00000007add80000)
 ParOldGen       total 36352K, used 14730K [0x0000000780000000, 0x0000000782380000, 0x00000007aab00000)
  object space 36352K, 40% used [0x0000000780000000,0x0000000780e62a10,0x0000000782380000)
 Metaspace       used 24798K, capacity 25101K, committed 25216K, reserved 1071104K
  class space    used 2570K, capacity 2675K, committed 2688K, reserved 1048576K
}
Event: 8.250 GC heap before
{Heap before GC invocations=10 (full 1):
 PSYoungGen      total 49664K, used 49636K [0x00000007aab00000, 0x00000007aed80000, 0x00000007c0000000)
  eden space 38400K, 100% used [0x00000007aab00000,0x00000007ad080000,0x00000007ad080000)
  from space 11264K, 99% used [0x00000007add80000,0x00000007ae8793f8,0x00000007ae880000)
  to   space 13312K, 0% used [0x00000007ad080000,0x00000007ad080000,0x00000007add80000)
 ParOldGen       total 36352K, used 14730K [0x0000000780000000, 0x0000000782380000, 0x00000007aab00000)
  object space 36352K, 40% used [0x0000000780000000,0x0000000780e62a10,0x0000000782380000)
 Metaspace       used 25034K, capacity 25299K, committed 25472K, reserved 1073152K
  class space    used 2571K, capacity 2676K, committed 2688K, reserved 1048576K
Event: 8.260 GC heap after
Heap after GC invocations=10 (full 1):
 PSYoungGen      total 51712K, used 13296K [0x00000007aab00000, 0x00000007afb80000, 0x00000007c0000000)
  eden space 38400K, 0% used [0x00000007aab00000,0x00000007aab00000,0x00000007ad080000)
  from space 13312K, 99% used [0x00000007ad080000,0x00000007add7c3d0,0x00000007add80000)
  to   space 15360K, 0% used [0x00000007aec80000,0x00000007aec80000,0x00000007afb80000)
 ParOldGen       total 36352K, used 17940K [0x0000000780000000, 0x0000000782380000, 0x00000007aab00000)
  object space 36352K, 49% used [0x0000000780000000,0x0000000781185068,0x0000000782380000)
 Metaspace       used 25034K, capacity 25299K, committed 25472K, reserved 1073152K
  class space    used 2571K, capacity 2676K, committed 2688K, reserved 1048576K
}
Event: 12.284 GC heap before
{Heap before GC invocations=11 (full 1):
 PSYoungGen      total 51712K, used 51696K [0x00000007aab00000, 0x00000007afb80000, 0x00000007c0000000)
  eden space 38400K, 100% used [0x00000007aab00000,0x00000007ad080000,0x00000007ad080000)
  from space 13312K, 99% used [0x00000007ad080000,0x00000007add7c3d0,0x00000007add80000)
  to   space 15360K, 0% used [0x00000007aec80000,0x00000007aec80000,0x00000007afb80000)
 ParOldGen       total 36352K, used 17940K [0x0000000780000000, 0x0000000782380000, 0x00000007aab00000)
  object space 36352K, 49% used [0x0000000780000000,0x0000000781185068,0x0000000782380000)
 Metaspace       used 25388K, capacity 25619K, committed 25728K, reserved 1073152K
  class space    used 2571K, capacity 2676K, committed 2688K, reserved 1048576K
Event: 12.291 GC heap after
Heap after GC invocations=11 (full 1):
 PSYoungGen      total 62976K, used 6336K [0x00000007aab00000, 0x00000007af880000, 0x00000007c0000000)
  eden space 50688K, 0% used [0x00000007aab00000,0x00000007aab00000,0x00000007adc80000)
  from space 12288K, 51% used [0x00000007aec80000,0x00000007af2b0180,0x00000007af880000)
  to   space 14336K, 0% used [0x00000007adc80000,0x00000007adc80000,0x00000007aea80000)
 ParOldGen       total 36352K, used 25425K [0x0000000780000000, 0x0000000782380000, 0x00000007aab00000)
  object space 36352K, 69% used [0x0000000780000000,0x00000007818d4478,0x0000000782380000)
 Metaspace       used 25388K, capacity 25619K, committed 25728K, reserved 1073152K
  class space    used 2571K, capacity 2676K, committed 2688K, reserved 1048576K
}

